<?xml version="1.0" encoding="utf-8"?>
<coverage line-rate="0.307" branch-rate="0.23800000000000002" version="1.9" timestamp="1774540549" lines-covered="463" lines-valid="1508" branches-covered="25" branches-valid="105">
  <sources>
    <source>C:\Users\Pablo Quirino\Desktop\APIREST\src\</source>
  </sources>
  <packages>
    <package name="ApiRest.API" line-rate="0.49700000000000005" branch-rate="0.3636" complexity="42">
      <classes>
        <class name="Program" filename="ApiRest.API\Program.cs" line-rate="1" branch-rate="1" complexity="2">
          <methods>
            <method name="&lt;Main&gt;$" signature="(System.String[])" line-rate="1" branch-rate="1" complexity="2">
              <lines>
                <line number="6" hits="2" branch="False" />
                <line number="8" hits="2" branch="False" />
                <line number="9" hits="2" branch="False" />
                <line number="11" hits="2" branch="False" />
                <line number="12" hits="2" branch="False" />
                <line number="13" hits="2" branch="False" />
                <line number="14" hits="2" branch="False" />
                <line number="15" hits="2" branch="False" />
                <line number="16" hits="2" branch="False" />
                <line number="17" hits="2" branch="False" />
                <line number="18" hits="2" branch="False" />
                <line number="19" hits="2" branch="False" />
                <line number="20" hits="2" branch="False" />
                <line number="21" hits="2" branch="False" />
                <line number="22" hits="2" branch="False" />
                <line number="23" hits="2" branch="False" />
                <line number="24" hits="2" branch="False" />
                <line number="25" hits="2" branch="False" />
                <line number="26" hits="2" branch="False" />
                <line number="27" hits="2" branch="False" />
                <line number="28" hits="2" branch="False" />
                <line number="29" hits="2" branch="False" />
                <line number="30" hits="4" branch="False" />
                <line number="32" hits="2" branch="False" />
                <line number="33" hits="2" branch="False" />
                <line number="35" hits="2" branch="False" />
                <line number="37" hits="2" branch="True" condition-coverage="100% (2/2)">
                  <conditions>
                    <condition number="124" type="jump" coverage="100%" />
                  </conditions>
                </line>
                <line number="38" hits="2" branch="False" />
                <line number="39" hits="2" branch="False" />
                <line number="40" hits="2" branch="False" />
                <line number="41" hits="2" branch="False" />
                <line number="44" hits="2" branch="False" />
                <line number="45" hits="2" branch="False" />
                <line number="46" hits="2" branch="False" />
                <line number="47" hits="2" branch="False" />
                <line number="48" hits="2" branch="False" />
                <line number="50" hits="2" branch="False" />
              </lines>
            </method>
          </methods>
          <lines>
            <line number="6" hits="2" branch="False" />
            <line number="8" hits="2" branch="False" />
            <line number="9" hits="2" branch="False" />
            <line number="11" hits="2" branch="False" />
            <line number="12" hits="2" branch="False" />
            <line number="13" hits="2" branch="False" />
            <line number="14" hits="2" branch="False" />
            <line number="15" hits="2" branch="False" />
            <line number="16" hits="2" branch="False" />
            <line number="17" hits="2" branch="False" />
            <line number="18" hits="2" branch="False" />
            <line number="19" hits="2" branch="False" />
            <line number="20" hits="2" branch="False" />
            <line number="21" hits="2" branch="False" />
            <line number="22" hits="2" branch="False" />
            <line number="23" hits="2" branch="False" />
            <line number="24" hits="2" branch="False" />
            <line number="25" hits="2" branch="False" />
            <line number="26" hits="2" branch="False" />
            <line number="27" hits="2" branch="False" />
            <line number="28" hits="2" branch="False" />
            <line number="29" hits="2" branch="False" />
            <line number="30" hits="4" branch="False" />
            <line number="32" hits="2" branch="False" />
            <line number="33" hits="2" branch="False" />
            <line number="35" hits="2" branch="False" />
            <line number="37" hits="2" branch="True" condition-coverage="100% (2/2)">
              <conditions>
                <condition number="124" type="jump" coverage="100%" />
              </conditions>
            </line>
            <line number="38" hits="2" branch="False" />
            <line number="39" hits="2" branch="False" />
            <line number="40" hits="2" branch="False" />
            <line number="41" hits="2" branch="False" />
            <line number="44" hits="2" branch="False" />
            <line number="45" hits="2" branch="False" />
            <line number="46" hits="2" branch="False" />
            <line number="47" hits="2" branch="False" />
            <line number="48" hits="2" branch="False" />
            <line number="50" hits="2" branch="False" />
          </lines>
        </class>
        <class name="ApiRest.API.Middlewares.ExceptionMiddleware" filename="ApiRest.API\Middlewares\ExceptionMiddleware.cs" line-rate="1" branch-rate="1" complexity="1">
          <methods>
            <method name=".ctor" signature="(Microsoft.AspNetCore.Http.RequestDelegate,Microsoft.Extensions.Logging.ILogger`1&lt;ApiRest.API.Middlewares.ExceptionMiddleware&gt;)" line-rate="1" branch-rate="1" complexity="1">
              <lines>
                <line number="8" hits="2" branch="False" />
              </lines>
            </method>
          </methods>
          <lines>
            <line number="8" hits="2" branch="False" />
          </lines>
        </class>
        <class name="ApiRest.API.Middlewares.ExceptionMiddleware/&lt;&gt;c" filename="ApiRest.API\Middlewares\ExceptionMiddleware.cs" line-rate="0" branch-rate="1" complexity="3">
          <methods>
            <method name="&lt;InvokeAsync&gt;b__3_0" signature="(FluentValidation.Results.ValidationFailure)" line-rate="0" branch-rate="1" complexity="1">
              <lines>
                <line number="19" hits="0" branch="False" />
              </lines>
            </method>
            <method name="&lt;InvokeAsync&gt;b__3_1" signature="(System.Linq.IGrouping`2&lt;System.String,FluentValidation.Results.ValidationFailure&gt;)" line-rate="0" branch-rate="1" complexity="1">
              <lines>
                <line number="21" hits="0" branch="False" />
              </lines>
            </method>
            <method name="&lt;InvokeAsync&gt;b__3_2" signature="(System.Linq.IGrouping`2&lt;System.String,FluentValidation.Results.ValidationFailure&gt;)" line-rate="0" branch-rate="1" complexity="1">
              <lines>
                <line number="22" hits="0" branch="False" />
              </lines>
            </method>
          </methods>
          <lines>
            <line number="19" hits="0" branch="False" />
            <line number="21" hits="0" branch="False" />
            <line number="22" hits="0" branch="False" />
          </lines>
        </class>
        <class name="ApiRest.API.Middlewares.ExceptionMiddleware/&lt;InvokeAsync&gt;d__3" filename="ApiRest.API\Middlewares\ExceptionMiddleware.cs" line-rate="0.2812" branch-rate="0.4" complexity="5">
          <methods>
            <method name="MoveNext" signature="()" line-rate="0.2812" branch-rate="0.4" complexity="5">
              <lines>
                <line number="11" hits="10" branch="False" />
                <line number="13" hits="10" branch="False" />
                <line number="14" hits="10" branch="False" />
                <line number="15" hits="8" branch="False" />
                <line number="16" hits="0" branch="False" />
                <line number="17" hits="0" branch="False" />
                <line number="18" hits="0" branch="False" />
                <line number="20" hits="0" branch="False" />
                <line number="24" hits="0" branch="False" />
                <line number="25" hits="0" branch="False" />
                <line number="26" hits="0" branch="False" />
                <line number="27" hits="0" branch="False" />
                <line number="28" hits="0" branch="False" />
                <line number="29" hits="0" branch="False" />
                <line number="30" hits="0" branch="False" />
                <line number="31" hits="2" branch="False" />
                <line number="32" hits="2" branch="False" />
                <line number="33" hits="2" branch="False" />
                <line number="34" hits="2" branch="False" />
                <line number="35" hits="0" branch="True" condition-coverage="40% (2/5)">
                  <conditions>
                    <condition number="275" type="switch" coverage="40%" />
                  </conditions>
                </line>
                <line number="36" hits="0" branch="False" />
                <line number="37" hits="0" branch="False" />
                <line number="38" hits="0" branch="False" />
                <line number="39" hits="0" branch="False" />
                <line number="40" hits="0" branch="False" />
                <line number="41" hits="0" branch="False" />
                <line number="42" hits="0" branch="False" />
                <line number="43" hits="0" branch="False" />
                <line number="45" hits="0" branch="False" />
                <line number="46" hits="0" branch="False" />
                <line number="47" hits="0" branch="False" />
                <line number="48" hits="10" branch="False" />
              </lines>
            </method>
          </methods>
          <lines>
            <line number="11" hits="10" branch="False" />
            <line number="13" hits="10" branch="False" />
            <line number="14" hits="10" branch="False" />
            <line number="15" hits="8" branch="False" />
            <line number="16" hits="0" branch="False" />
            <line number="17" hits="0" branch="False" />
            <line number="18" hits="0" branch="False" />
            <line number="20" hits="0" branch="False" />
            <line number="24" hits="0" branch="False" />
            <line number="25" hits="0" branch="False" />
            <line number="26" hits="0" branch="False" />
            <line number="27" hits="0" branch="False" />
            <line number="28" hits="0" branch="False" />
            <line number="29" hits="0" branch="False" />
            <line number="30" hits="0" branch="False" />
            <line number="31" hits="2" branch="False" />
            <line number="32" hits="2" branch="False" />
            <line number="33" hits="2" branch="False" />
            <line number="34" hits="2" branch="False" />
            <line number="35" hits="0" branch="True" condition-coverage="40% (2/5)">
              <conditions>
                <condition number="275" type="switch" coverage="40%" />
              </conditions>
            </line>
            <line number="36" hits="0" branch="False" />
            <line number="37" hits="0" branch="False" />
            <line number="38" hits="0" branch="False" />
            <line number="39" hits="0" branch="False" />
            <line number="40" hits="0" branch="False" />
            <line number="41" hits="0" branch="False" />
            <line number="42" hits="0" branch="False" />
            <line number="43" hits="0" branch="False" />
            <line number="45" hits="0" branch="False" />
            <line number="46" hits="0" branch="False" />
            <line number="47" hits="0" branch="False" />
            <line number="48" hits="10" branch="False" />
          </lines>
        </class>
        <class name="ApiRest.API.Middlewares.ExceptionMiddleware/&lt;WriteAsync&gt;d__4" filename="ApiRest.API\Middlewares\ExceptionMiddleware.cs" line-rate="1" branch-rate="1" complexity="1">
          <methods>
            <method name="MoveNext" signature="()" line-rate="1" branch-rate="1" complexity="1">
              <lines>
                <line number="53" hits="2" branch="False" />
                <line number="54" hits="2" branch="False" />
                <line number="55" hits="2" branch="False" />
                <line number="57" hits="2" branch="False" />
                <line number="58" hits="2" branch="False" />
                <line number="59" hits="2" branch="False" />
                <line number="60" hits="2" branch="False" />
                <line number="61" hits="2" branch="False" />
                <line number="62" hits="2" branch="False" />
                <line number="63" hits="2" branch="False" />
                <line number="64" hits="2" branch="False" />
                <line number="65" hits="2" branch="False" />
                <line number="66" hits="2" branch="False" />
                <line number="68" hits="2" branch="False" />
                <line number="69" hits="2" branch="False" />
              </lines>
            </method>
          </methods>
          <lines>
            <line number="53" hits="2" branch="False" />
            <line number="54" hits="2" branch="False" />
            <line number="55" hits="2" branch="False" />
            <line number="57" hits="2" branch="False" />
            <line number="58" hits="2" branch="False" />
            <line number="59" hits="2" branch="False" />
            <line number="60" hits="2" branch="False" />
            <line number="61" hits="2" branch="False" />
            <line number="62" hits="2" branch="False" />
            <line number="63" hits="2" branch="False" />
            <line number="64" hits="2" branch="False" />
            <line number="65" hits="2" branch="False" />
            <line number="66" hits="2" branch="False" />
            <line number="68" hits="2" branch="False" />
            <line number="69" hits="2" branch="False" />
          </lines>
        </class>
        <class name="ApiRest.API.Extensions.ClaimsExtensions" filename="ApiRest.API\Extensions\ClaimsExtensions.cs" line-rate="0" branch-rate="0" complexity="5">
          <methods>
            <method name="GetUserId" signature="(System.Security.Claims.ClaimsPrincipal)" line-rate="0" branch-rate="0" complexity="4">
              <lines>
                <line number="9" hits="0" branch="False" />
                <line number="10" hits="0" branch="True" condition-coverage="0% (0/2)">
                  <conditions>
                    <condition number="13" type="jump" coverage="0%" />
                  </conditions>
                </line>
                <line number="11" hits="0" branch="False" />
                <line number="12" hits="0" branch="False" />
                <line number="14" hits="0" branch="True" condition-coverage="0% (0/2)">
                  <conditions>
                    <condition number="34" type="jump" coverage="0%" />
                  </conditions>
                </line>
                <line number="15" hits="0" branch="False" />
                <line number="17" hits="0" branch="False" />
                <line number="18" hits="0" branch="False" />
              </lines>
            </method>
            <method name="IsAdmin" signature="(System.Security.Claims.ClaimsPrincipal)" line-rate="0" branch-rate="1" complexity="1">
              <lines>
                <line number="21" hits="0" branch="False" />
              </lines>
            </method>
          </methods>
          <lines>
            <line number="9" hits="0" branch="False" />
            <line number="10" hits="0" branch="True" condition-coverage="0% (0/2)">
              <conditions>
                <condition number="13" type="jump" coverage="0%" />
              </conditions>
            </line>
            <line number="11" hits="0" branch="False" />
            <line number="12" hits="0" branch="False" />
            <line number="14" hits="0" branch="True" condition-coverage="0% (0/2)">
              <conditions>
                <condition number="34" type="jump" coverage="0%" />
              </conditions>
            </line>
            <line number="15" hits="0" branch="False" />
            <line number="17" hits="0" branch="False" />
            <line number="18" hits="0" branch="False" />
            <line number="21" hits="0" branch="False" />
          </lines>
        </class>
        <class name="ApiRest.API.Controllers.AuthController" filename="ApiRest.API\Controllers\AuthController.cs" line-rate="1" branch-rate="1" complexity="1">
          <methods>
            <method name=".ctor" signature="(MediatR.ISender)" line-rate="1" branch-rate="1" complexity="1">
              <lines>
                <line number="9" hits="7" branch="False" />
              </lines>
            </method>
          </methods>
          <lines>
            <line number="9" hits="7" branch="False" />
          </lines>
        </class>
        <class name="ApiRest.API.Controllers.AuthController/&lt;Login&gt;d__3" filename="ApiRest.API\Controllers\AuthController.cs" line-rate="1" branch-rate="1" complexity="1">
          <methods>
            <method name="MoveNext" signature="()" line-rate="1" branch-rate="1" complexity="1">
              <lines>
                <line number="25" hits="2" branch="False" />
                <line number="26" hits="2" branch="False" />
                <line number="27" hits="2" branch="False" />
                <line number="28" hits="1" branch="False" />
                <line number="29" hits="1" branch="False" />
              </lines>
            </method>
          </methods>
          <lines>
            <line number="25" hits="2" branch="False" />
            <line number="26" hits="2" branch="False" />
            <line number="27" hits="2" branch="False" />
            <line number="28" hits="1" branch="False" />
            <line number="29" hits="1" branch="False" />
          </lines>
        </class>
        <class name="ApiRest.API.Controllers.AuthController/&lt;Refresh&gt;d__4" filename="ApiRest.API\Controllers\AuthController.cs" line-rate="0" branch-rate="1" complexity="1">
          <methods>
            <method name="MoveNext" signature="()" line-rate="0" branch-rate="1" complexity="1">
              <lines>
                <line number="35" hits="0" branch="False" />
                <line number="36" hits="0" branch="False" />
                <line number="37" hits="0" branch="False" />
                <line number="38" hits="0" branch="False" />
                <line number="39" hits="0" branch="False" />
              </lines>
            </method>
          </methods>
          <lines>
            <line number="35" hits="0" branch="False" />
            <line number="36" hits="0" branch="False" />
            <line number="37" hits="0" branch="False" />
            <line number="38" hits="0" branch="False" />
            <line number="39" hits="0" branch="False" />
          </lines>
        </class>
        <class name="ApiRest.API.Controllers.AuthController/&lt;Register&gt;d__2" filename="ApiRest.API\Controllers\AuthController.cs" line-rate="1" branch-rate="1" complexity="1">
          <methods>
            <method name="MoveNext" signature="()" line-rate="1" branch-rate="1" complexity="1">
              <lines>
                <line number="15" hits="5" branch="False" />
                <line number="16" hits="5" branch="False" />
                <line number="17" hits="5" branch="False" />
                <line number="18" hits="4" branch="False" />
                <line number="19" hits="4" branch="False" />
              </lines>
            </method>
          </methods>
          <lines>
            <line number="15" hits="5" branch="False" />
            <line number="16" hits="5" branch="False" />
            <line number="17" hits="5" branch="False" />
            <line number="18" hits="4" branch="False" />
            <line number="19" hits="4" branch="False" />
          </lines>
        </class>
        <class name="ApiRest.API.Controllers.AuthController/&lt;Revoke&gt;d__5" filename="ApiRest.API\Controllers\AuthController.cs" line-rate="0" branch-rate="1" complexity="1">
          <methods>
            <method name="MoveNext" signature="()" line-rate="0" branch-rate="1" complexity="1">
              <lines>
                <line number="45" hits="0" branch="False" />
                <line number="46" hits="0" branch="False" />
                <line number="47" hits="0" branch="False" />
                <line number="48" hits="0" branch="False" />
              </lines>
            </method>
          </methods>
          <lines>
            <line number="45" hits="0" branch="False" />
            <line number="46" hits="0" branch="False" />
            <line number="47" hits="0" branch="False" />
            <line number="48" hits="0" branch="False" />
          </lines>
        </class>
        <class name="ApiRest.API.Controllers.RegisterRequest" filename="ApiRest.API\Controllers\AuthController.cs" line-rate="1" branch-rate="1" complexity="1">
          <methods>
            <method name="get_Name" signature="()" line-rate="1" branch-rate="1" complexity="1">
              <lines>
                <line number="51" hits="35" branch="False" />
              </lines>
            </method>
          </methods>
          <lines>
            <line number="51" hits="35" branch="False" />
          </lines>
        </class>
        <class name="ApiRest.API.Controllers.LoginRequest" filename="ApiRest.API\Controllers\AuthController.cs" line-rate="1" branch-rate="1" complexity="1">
          <methods>
            <method name="get_Email" signature="()" line-rate="1" branch-rate="1" complexity="1">
              <lines>
                <line number="52" hits="10" branch="False" />
              </lines>
            </method>
          </methods>
          <lines>
            <line number="52" hits="10" branch="False" />
          </lines>
        </class>
        <class name="ApiRest.API.Controllers.RefreshRequest" filename="ApiRest.API\Controllers\AuthController.cs" line-rate="0" branch-rate="1" complexity="1">
          <methods>
            <method name="get_RefreshToken" signature="()" line-rate="0" branch-rate="1" complexity="1">
              <lines>
                <line number="53" hits="0" branch="False" />
              </lines>
            </method>
          </methods>
          <lines>
            <line number="53" hits="0" branch="False" />
          </lines>
        </class>
        <class name="ApiRest.API.Controllers.OrdersController" filename="ApiRest.API\Controllers\OrdersController.cs" line-rate="0" branch-rate="1" complexity="1">
          <methods>
            <method name=".ctor" signature="(MediatR.ISender)" line-rate="0" branch-rate="1" complexity="1">
              <lines>
                <line number="13" hits="0" branch="False" />
              </lines>
            </method>
          </methods>
          <lines>
            <line number="13" hits="0" branch="False" />
          </lines>
        </class>
        <class name="ApiRest.API.Controllers.OrdersController/&lt;&gt;c" filename="ApiRest.API\Controllers\OrdersController.cs" line-rate="0" branch-rate="1" complexity="1">
          <methods>
            <method name="&lt;Create&gt;b__4_0" signature="(ApiRest.API.Controllers.OrderItemInput)" line-rate="0" branch-rate="1" complexity="1">
              <lines>
                <line number="37" hits="0" branch="False" />
              </lines>
            </method>
          </methods>
          <lines>
            <line number="37" hits="0" branch="False" />
          </lines>
        </class>
        <class name="ApiRest.API.Controllers.OrdersController/&lt;Cancel&gt;d__6" filename="ApiRest.API\Controllers\OrdersController.cs" line-rate="0" branch-rate="1" complexity="1">
          <methods>
            <method name="MoveNext" signature="()" line-rate="0" branch-rate="1" complexity="1">
              <lines>
                <line number="56" hits="0" branch="False" />
                <line number="57" hits="0" branch="False" />
                <line number="58" hits="0" branch="False" />
                <line number="59" hits="0" branch="False" />
              </lines>
            </method>
          </methods>
          <lines>
            <line number="56" hits="0" branch="False" />
            <line number="57" hits="0" branch="False" />
            <line number="58" hits="0" branch="False" />
            <line number="59" hits="0" branch="False" />
          </lines>
        </class>
        <class name="ApiRest.API.Controllers.OrdersController/&lt;Confirm&gt;d__5" filename="ApiRest.API\Controllers\OrdersController.cs" line-rate="0" branch-rate="1" complexity="1">
          <methods>
            <method name="MoveNext" signature="()" line-rate="0" branch-rate="1" complexity="1">
              <lines>
                <line number="49" hits="0" branch="False" />
                <line number="50" hits="0" branch="False" />
                <line number="51" hits="0" branch="False" />
                <line number="52" hits="0" branch="False" />
              </lines>
            </method>
          </methods>
          <lines>
            <line number="49" hits="0" branch="False" />
            <line number="50" hits="0" branch="False" />
            <line number="51" hits="0" branch="False" />
            <line number="52" hits="0" branch="False" />
          </lines>
        </class>
        <class name="ApiRest.API.Controllers.OrdersController/&lt;Create&gt;d__4" filename="ApiRest.API\Controllers\OrdersController.cs" line-rate="0" branch-rate="1" complexity="1">
          <methods>
            <method name="MoveNext" signature="()" line-rate="0" branch-rate="1" complexity="1">
              <lines>
                <line number="34" hits="0" branch="False" />
                <line number="35" hits="0" branch="False" />
                <line number="36" hits="0" branch="False" />
                <line number="38" hits="0" branch="False" />
                <line number="40" hits="0" branch="False" />
                <line number="41" hits="0" branch="False" />
                <line number="43" hits="0" branch="False" />
                <line number="44" hits="0" branch="False" />
                <line number="45" hits="0" branch="False" />
              </lines>
            </method>
          </methods>
          <lines>
            <line number="34" hits="0" branch="False" />
            <line number="35" hits="0" branch="False" />
            <line number="36" hits="0" branch="False" />
            <line number="38" hits="0" branch="False" />
            <line number="40" hits="0" branch="False" />
            <line number="41" hits="0" branch="False" />
            <line number="43" hits="0" branch="False" />
            <line number="44" hits="0" branch="False" />
            <line number="45" hits="0" branch="False" />
          </lines>
        </class>
        <class name="ApiRest.API.Controllers.OrdersController/&lt;GetById&gt;d__3" filename="ApiRest.API\Controllers\OrdersController.cs" line-rate="0" branch-rate="1" complexity="1">
          <methods>
            <method name="MoveNext" signature="()" line-rate="0" branch-rate="1" complexity="1">
              <lines>
                <line number="25" hits="0" branch="False" />
                <line number="26" hits="0" branch="False" />
                <line number="27" hits="0" branch="False" />
                <line number="28" hits="0" branch="False" />
              </lines>
            </method>
          </methods>
          <lines>
            <line number="25" hits="0" branch="False" />
            <line number="26" hits="0" branch="False" />
            <line number="27" hits="0" branch="False" />
            <line number="28" hits="0" branch="False" />
          </lines>
        </class>
        <class name="ApiRest.API.Controllers.OrdersController/&lt;GetMyOrders&gt;d__2" filename="ApiRest.API\Controllers\OrdersController.cs" line-rate="0" branch-rate="1" complexity="1">
          <methods>
            <method name="MoveNext" signature="()" line-rate="0" branch-rate="1" complexity="1">
              <lines>
                <line number="18" hits="0" branch="False" />
                <line number="19" hits="0" branch="False" />
                <line number="20" hits="0" branch="False" />
                <line number="21" hits="0" branch="False" />
              </lines>
            </method>
          </methods>
          <lines>
            <line number="18" hits="0" branch="False" />
            <line number="19" hits="0" branch="False" />
            <line number="20" hits="0" branch="False" />
            <line number="21" hits="0" branch="False" />
          </lines>
        </class>
        <class name="ApiRest.API.Controllers.CreateOrderRequest" filename="ApiRest.API\Controllers\OrdersController.cs" line-rate="0" branch-rate="1" complexity="1">
          <methods>
            <method name="get_Items" signature="()" line-rate="0" branch-rate="1" complexity="1">
              <lines>
                <line number="62" hits="0" branch="False" />
              </lines>
            </method>
          </methods>
          <lines>
            <line number="62" hits="0" branch="False" />
          </lines>
        </class>
        <class name="ApiRest.API.Controllers.OrderItemInput" filename="ApiRest.API\Controllers\OrdersController.cs" line-rate="0" branch-rate="1" complexity="1">
          <methods>
            <method name="get_ProductId" signature="()" line-rate="0" branch-rate="1" complexity="1">
              <lines>
                <line number="63" hits="0" branch="False" />
              </lines>
            </method>
          </methods>
          <lines>
            <line number="63" hits="0" branch="False" />
          </lines>
        </class>
        <class name="ApiRest.API.Controllers.ProductsController" filename="ApiRest.API\Controllers\ProductsController.cs" line-rate="1" branch-rate="1" complexity="1">
          <methods>
            <method name=".ctor" signature="(MediatR.ISender)" line-rate="1" branch-rate="1" complexity="1">
              <lines>
                <line number="11" hits="2" branch="False" />
              </lines>
            </method>
          </methods>
          <lines>
            <line number="11" hits="2" branch="False" />
          </lines>
        </class>
        <class name="ApiRest.API.Controllers.ProductsController/&lt;Create&gt;d__4" filename="ApiRest.API\Controllers\ProductsController.cs" line-rate="1" branch-rate="1" complexity="1">
          <methods>
            <method name="MoveNext" signature="()" line-rate="1" branch-rate="1" complexity="1">
              <lines>
                <line number="29" hits="1" branch="False" />
                <line number="30" hits="1" branch="False" />
                <line number="31" hits="1" branch="False" />
                <line number="32" hits="1" branch="False" />
                <line number="34" hits="1" branch="False" />
                <line number="35" hits="1" branch="False" />
                <line number="36" hits="1" branch="False" />
              </lines>
            </method>
          </methods>
          <lines>
            <line number="29" hits="1" branch="False" />
            <line number="30" hits="1" branch="False" />
            <line number="31" hits="1" branch="False" />
            <line number="32" hits="1" branch="False" />
            <line number="34" hits="1" branch="False" />
            <line number="35" hits="1" branch="False" />
            <line number="36" hits="1" branch="False" />
          </lines>
        </class>
        <class name="ApiRest.API.Controllers.ProductsController/&lt;Delete&gt;d__6" filename="ApiRest.API\Controllers\ProductsController.cs" line-rate="0" branch-rate="1" complexity="1">
          <methods>
            <method name="MoveNext" signature="()" line-rate="0" branch-rate="1" complexity="1">
              <lines>
                <line number="56" hits="0" branch="False" />
                <line number="57" hits="0" branch="False" />
                <line number="58" hits="0" branch="False" />
                <line number="59" hits="0" branch="False" />
              </lines>
            </method>
          </methods>
          <lines>
            <line number="56" hits="0" branch="False" />
            <line number="57" hits="0" branch="False" />
            <line number="58" hits="0" branch="False" />
            <line number="59" hits="0" branch="False" />
          </lines>
        </class>
        <class name="ApiRest.API.Controllers.ProductsController/&lt;GetAll&gt;d__2" filename="ApiRest.API\Controllers\ProductsController.cs" line-rate="1" branch-rate="1" complexity="1">
          <methods>
            <method name="MoveNext" signature="()" line-rate="1" branch-rate="1" complexity="1">
              <lines>
                <line number="16" hits="1" branch="False" />
              </lines>
            </method>
          </methods>
          <lines>
            <line number="16" hits="1" branch="False" />
          </lines>
        </class>
        <class name="ApiRest.API.Controllers.ProductsController/&lt;GetById&gt;d__3" filename="ApiRest.API\Controllers\ProductsController.cs" line-rate="0" branch-rate="1" complexity="1">
          <methods>
            <method name="MoveNext" signature="()" line-rate="0" branch-rate="1" complexity="1">
              <lines>
                <line number="21" hits="0" branch="False" />
              </lines>
            </method>
          </methods>
          <lines>
            <line number="21" hits="0" branch="False" />
          </lines>
        </class>
        <class name="ApiRest.API.Controllers.ProductsController/&lt;Update&gt;d__5" filename="ApiRest.API\Controllers\ProductsController.cs" line-rate="0" branch-rate="1" complexity="1">
          <methods>
            <method name="MoveNext" signature="()" line-rate="0" branch-rate="1" complexity="1">
              <lines>
                <line number="45" hits="0" branch="False" />
                <line number="46" hits="0" branch="False" />
                <line number="47" hits="0" branch="False" />
                <line number="48" hits="0" branch="False" />
                <line number="49" hits="0" branch="False" />
                <line number="50" hits="0" branch="False" />
              </lines>
            </method>
          </methods>
          <lines>
            <line number="45" hits="0" branch="False" />
            <line number="46" hits="0" branch="False" />
            <line number="47" hits="0" branch="False" />
            <line number="48" hits="0" branch="False" />
            <line number="49" hits="0" branch="False" />
            <line number="50" hits="0" branch="False" />
          </lines>
        </class>
        <class name="ApiRest.API.Controllers.CreateProductRequest" filename="ApiRest.API\Controllers\ProductsController.cs" line-rate="1" branch-rate="1" complexity="1">
          <methods>
            <method name="get_Name" signature="()" line-rate="1" branch-rate="1" complexity="1">
              <lines>
                <line number="62" hits="9" branch="False" />
              </lines>
            </method>
          </methods>
          <lines>
            <line number="62" hits="9" branch="False" />
          </lines>
        </class>
        <class name="ApiRest.API.Controllers.UpdateProductRequest" filename="ApiRest.API\Controllers\ProductsController.cs" line-rate="0" branch-rate="1" complexity="1">
          <methods>
            <method name="get_Name" signature="()" line-rate="0" branch-rate="1" complexity="1">
              <lines>
                <line number="63" hits="0" branch="False" />
              </lines>
            </method>
          </methods>
          <lines>
            <line number="63" hits="0" branch="False" />
          </lines>
        </class>
      </classes>
    </package>
    <package name="ApiRest.Application" line-rate="0.4022" branch-rate="0.2708" complexity="134">
      <classes>
        <class name="TokenResponse" filename="ApiRest.Application\DTOs\TokenResponse.cs" line-rate="1" branch-rate="1" complexity="1">
          <methods>
            <method name="get_AccessToken" signature="()" line-rate="1" branch-rate="1" complexity="1">
              <lines>
                <line number="6" hits="4" branch="False" />
              </lines>
            </method>
          </methods>
          <lines>
            <line number="6" hits="4" branch="False" />
          </lines>
        </class>
        <class name="ApiRest.Application.Products.Queries.GetProductByIdQuery" filename="ApiRest.Application\Products\Queries\GetProductByIdQuery.cs" line-rate="0" branch-rate="1" complexity="1">
          <methods>
            <method name="get_Id" signature="()" line-rate="0" branch-rate="1" complexity="1">
              <lines>
                <line number="8" hits="0" branch="False" />
              </lines>
            </method>
          </methods>
          <lines>
            <line number="8" hits="0" branch="False" />
          </lines>
        </class>
        <class name="ApiRest.Application.Products.Queries.GetProductByIdHandler" filename="ApiRest.Application\Products\Queries\GetProductByIdQuery.cs" line-rate="0" branch-rate="1" complexity="1">
          <methods>
            <method name=".ctor" signature="(ApiRest.Domain.Interfaces.IProductRepository)" line-rate="0" branch-rate="1" complexity="1">
              <lines>
                <line number="10" hits="0" branch="False" />
              </lines>
            </method>
          </methods>
          <lines>
            <line number="10" hits="0" branch="False" />
          </lines>
        </class>
        <class name="ApiRest.Application.Products.Queries.GetProductByIdHandler/&lt;Handle&gt;d__2" filename="ApiRest.Application\Products\Queries\GetProductByIdQuery.cs" line-rate="0" branch-rate="0" complexity="2">
          <methods>
            <method name="MoveNext" signature="()" line-rate="0" branch-rate="0" complexity="2">
              <lines>
                <line number="15" hits="0" branch="False" />
                <line number="16" hits="0" branch="True" condition-coverage="0% (0/2)">
                  <conditions>
                    <condition number="151" type="jump" coverage="0%" />
                  </conditions>
                </line>
                <line number="17" hits="0" branch="False" />
                <line number="19" hits="0" branch="False" />
                <line number="20" hits="0" branch="False" />
              </lines>
            </method>
          </methods>
          <lines>
            <line number="15" hits="0" branch="False" />
            <line number="16" hits="0" branch="True" condition-coverage="0% (0/2)">
              <conditions>
                <condition number="151" type="jump" coverage="0%" />
              </conditions>
            </line>
            <line number="17" hits="0" branch="False" />
            <line number="19" hits="0" branch="False" />
            <line number="20" hits="0" branch="False" />
          </lines>
        </class>
        <class name="ApiRest.Application.Products.Queries.GetProductsQuery" filename="ApiRest.Application\Products\Queries\GetProductsQuery.cs" line-rate="0" branch-rate="1" complexity="1">
          <methods>
            <method name=".ctor" signature="(ApiRest.Application.Products.Queries.GetProductsQuery)" line-rate="0" branch-rate="1" complexity="1">
              <lines>
                <line number="7" hits="0" branch="False" />
              </lines>
            </method>
          </methods>
          <lines>
            <line number="7" hits="0" branch="False" />
          </lines>
        </class>
        <class name="ApiRest.Application.Products.Queries.GetProductsHandler" filename="ApiRest.Application\Products\Queries\GetProductsQuery.cs" line-rate="1" branch-rate="1" complexity="1">
          <methods>
            <method name=".ctor" signature="(ApiRest.Domain.Interfaces.IProductRepository)" line-rate="1" branch-rate="1" complexity="1">
              <lines>
                <line number="9" hits="1" branch="False" />
              </lines>
            </method>
          </methods>
          <lines>
            <line number="9" hits="1" branch="False" />
          </lines>
        </class>
        <class name="ApiRest.Application.Products.Queries.GetProductsHandler/&lt;&gt;c" filename="ApiRest.Application\Products\Queries\GetProductsQuery.cs" line-rate="1" branch-rate="1" complexity="1">
          <methods>
            <method name="&lt;Handle&gt;b__2_0" signature="(ApiRest.Domain.Entities.Product)" line-rate="1" branch-rate="1" complexity="1">
              <lines>
                <line number="17" hits="1" branch="False" />
              </lines>
            </method>
          </methods>
          <lines>
            <line number="17" hits="1" branch="False" />
          </lines>
        </class>
        <class name="ApiRest.Application.Products.Queries.GetProductsHandler/&lt;Handle&gt;d__2" filename="ApiRest.Application\Products\Queries\GetProductsQuery.cs" line-rate="1" branch-rate="1" complexity="1">
          <methods>
            <method name="MoveNext" signature="()" line-rate="1" branch-rate="1" complexity="1">
              <lines>
                <line number="14" hits="1" branch="False" />
                <line number="15" hits="1" branch="False" />
                <line number="16" hits="1" branch="False" />
                <line number="18" hits="1" branch="False" />
              </lines>
            </method>
          </methods>
          <lines>
            <line number="14" hits="1" branch="False" />
            <line number="15" hits="1" branch="False" />
            <line number="16" hits="1" branch="False" />
            <line number="18" hits="1" branch="False" />
          </lines>
        </class>
        <class name="ApiRest.Application.Products.Commands.CreateProductCommand" filename="ApiRest.Application\Products\Commands\CreateProductCommand.cs" line-rate="1" branch-rate="1" complexity="5">
          <methods>
            <method name="get_Name" signature="()" line-rate="1" branch-rate="1" complexity="1">
              <lines>
                <line number="10" hits="2" branch="False" />
              </lines>
            </method>
            <method name="get_Description" signature="()" line-rate="1" branch-rate="1" complexity="1">
              <lines>
                <line number="11" hits="1" branch="False" />
              </lines>
            </method>
            <method name="get_Price" signature="()" line-rate="1" branch-rate="1" complexity="1">
              <lines>
                <line number="12" hits="2" branch="False" />
              </lines>
            </method>
            <method name="get_Stock" signature="()" line-rate="1" branch-rate="1" complexity="1">
              <lines>
                <line number="13" hits="3" branch="False" />
              </lines>
            </method>
            <method name=".ctor" signature="(System.String,System.String,System.Decimal,System.Int32)" line-rate="1" branch-rate="1" complexity="1">
              <lines>
                <line number="9" hits="1" branch="False" />
              </lines>
            </method>
          </methods>
          <lines>
            <line number="10" hits="2" branch="False" />
            <line number="11" hits="1" branch="False" />
            <line number="12" hits="2" branch="False" />
            <line number="13" hits="3" branch="False" />
            <line number="9" hits="1" branch="False" />
          </lines>
        </class>
        <class name="ApiRest.Application.Products.Commands.CreateProductValidator" filename="ApiRest.Application\Products\Commands\CreateProductCommand.cs" line-rate="1" branch-rate="1" complexity="1">
          <methods>
            <method name=".ctor" signature="()" line-rate="1" branch-rate="1" complexity="1">
              <lines>
                <line number="17" hits="1" branch="False" />
                <line number="18" hits="1" branch="False" />
                <line number="19" hits="1" branch="False" />
                <line number="20" hits="1" branch="False" />
                <line number="21" hits="1" branch="False" />
                <line number="22" hits="1" branch="False" />
              </lines>
            </method>
          </methods>
          <lines>
            <line number="17" hits="1" branch="False" />
            <line number="18" hits="1" branch="False" />
            <line number="19" hits="1" branch="False" />
            <line number="20" hits="1" branch="False" />
            <line number="21" hits="1" branch="False" />
            <line number="22" hits="1" branch="False" />
          </lines>
        </class>
        <class name="ApiRest.Application.Products.Commands.CreateProductHandler" filename="ApiRest.Application\Products\Commands\CreateProductCommand.cs" line-rate="1" branch-rate="1" complexity="2">
          <methods>
            <method name="ToDto" signature="(ApiRest.Domain.Entities.Product)" line-rate="1" branch-rate="1" complexity="1">
              <lines>
                <line number="39" hits="1" branch="False" />
              </lines>
            </method>
            <method name=".ctor" signature="(ApiRest.Domain.Interfaces.IProductRepository,ApiRest.Domain.Interfaces.IUnitOfWork)" line-rate="1" branch-rate="1" complexity="1">
              <lines>
                <line number="25" hits="1" branch="False" />
                <line number="26" hits="1" branch="False" />
              </lines>
            </method>
          </methods>
          <lines>
            <line number="39" hits="1" branch="False" />
            <line number="25" hits="1" branch="False" />
            <line number="26" hits="1" branch="False" />
          </lines>
        </class>
        <class name="ApiRest.Application.Products.Commands.CreateProductHandler/&lt;Handle&gt;d__3" filename="ApiRest.Application\Products\Commands\CreateProductCommand.cs" line-rate="1" branch-rate="1" complexity="1">
          <methods>
            <method name="MoveNext" signature="()" line-rate="1" branch-rate="1" complexity="1">
              <lines>
                <line number="31" hits="1" branch="False" />
                <line number="32" hits="1" branch="False" />
                <line number="33" hits="1" branch="False" />
                <line number="34" hits="1" branch="False" />
                <line number="35" hits="1" branch="False" />
                <line number="36" hits="1" branch="False" />
              </lines>
            </method>
          </methods>
          <lines>
            <line number="31" hits="1" branch="False" />
            <line number="32" hits="1" branch="False" />
            <line number="33" hits="1" branch="False" />
            <line number="34" hits="1" branch="False" />
            <line number="35" hits="1" branch="False" />
            <line number="36" hits="1" branch="False" />
          </lines>
        </class>
        <class name="ApiRest.Application.Products.Commands.DeleteProductCommand" filename="ApiRest.Application\Products\Commands\DeleteProductCommand.cs" line-rate="0" branch-rate="1" complexity="1">
          <methods>
            <method name="get_Id" signature="()" line-rate="0" branch-rate="1" complexity="1">
              <lines>
                <line number="7" hits="0" branch="False" />
              </lines>
            </method>
          </methods>
          <lines>
            <line number="7" hits="0" branch="False" />
          </lines>
        </class>
        <class name="ApiRest.Application.Products.Commands.DeleteProductHandler" filename="ApiRest.Application\Products\Commands\DeleteProductCommand.cs" line-rate="0" branch-rate="1" complexity="1">
          <methods>
            <method name=".ctor" signature="(ApiRest.Domain.Interfaces.IProductRepository,ApiRest.Domain.Interfaces.IUnitOfWork)" line-rate="0" branch-rate="1" complexity="1">
              <lines>
                <line number="9" hits="0" branch="False" />
                <line number="10" hits="0" branch="False" />
              </lines>
            </method>
          </methods>
          <lines>
            <line number="9" hits="0" branch="False" />
            <line number="10" hits="0" branch="False" />
          </lines>
        </class>
        <class name="ApiRest.Application.Products.Commands.DeleteProductHandler/&lt;Handle&gt;d__3" filename="ApiRest.Application\Products\Commands\DeleteProductCommand.cs" line-rate="0" branch-rate="0" complexity="2">
          <methods>
            <method name="MoveNext" signature="()" line-rate="0" branch-rate="0" complexity="2">
              <lines>
                <line number="15" hits="0" branch="False" />
                <line number="16" hits="0" branch="True" condition-coverage="0% (0/2)">
                  <conditions>
                    <condition number="162" type="jump" coverage="0%" />
                  </conditions>
                </line>
                <line number="17" hits="0" branch="False" />
                <line number="19" hits="0" branch="False" />
                <line number="20" hits="0" branch="False" />
                <line number="21" hits="0" branch="False" />
                <line number="22" hits="0" branch="False" />
              </lines>
            </method>
          </methods>
          <lines>
            <line number="15" hits="0" branch="False" />
            <line number="16" hits="0" branch="True" condition-coverage="0% (0/2)">
              <conditions>
                <condition number="162" type="jump" coverage="0%" />
              </conditions>
            </line>
            <line number="17" hits="0" branch="False" />
            <line number="19" hits="0" branch="False" />
            <line number="20" hits="0" branch="False" />
            <line number="21" hits="0" branch="False" />
            <line number="22" hits="0" branch="False" />
          </lines>
        </class>
        <class name="ApiRest.Application.Products.Commands.UpdateProductCommand" filename="ApiRest.Application\Products\Commands\UpdateProductCommand.cs" line-rate="0" branch-rate="1" complexity="5">
          <methods>
            <method name="get_Id" signature="()" line-rate="0" branch-rate="1" complexity="1">
              <lines>
                <line number="10" hits="0" branch="False" />
              </lines>
            </method>
            <method name="get_Name" signature="()" line-rate="0" branch-rate="1" complexity="1">
              <lines>
                <line number="11" hits="0" branch="False" />
              </lines>
            </method>
            <method name="get_Description" signature="()" line-rate="0" branch-rate="1" complexity="1">
              <lines>
                <line number="12" hits="0" branch="False" />
              </lines>
            </method>
            <method name="get_Price" signature="()" line-rate="0" branch-rate="1" complexity="1">
              <lines>
                <line number="13" hits="0" branch="False" />
              </lines>
            </method>
            <method name=".ctor" signature="(System.Guid,System.String,System.String,System.Decimal)" line-rate="0" branch-rate="1" complexity="1">
              <lines>
                <line number="9" hits="0" branch="False" />
              </lines>
            </method>
          </methods>
          <lines>
            <line number="10" hits="0" branch="False" />
            <line number="11" hits="0" branch="False" />
            <line number="12" hits="0" branch="False" />
            <line number="13" hits="0" branch="False" />
            <line number="9" hits="0" branch="False" />
          </lines>
        </class>
        <class name="ApiRest.Application.Products.Commands.UpdateProductValidator" filename="ApiRest.Application\Products\Commands\UpdateProductCommand.cs" line-rate="0" branch-rate="1" complexity="1">
          <methods>
            <method name=".ctor" signature="()" line-rate="0" branch-rate="1" complexity="1">
              <lines>
                <line number="17" hits="0" branch="False" />
                <line number="18" hits="0" branch="False" />
                <line number="19" hits="0" branch="False" />
                <line number="20" hits="0" branch="False" />
                <line number="21" hits="0" branch="False" />
                <line number="22" hits="0" branch="False" />
              </lines>
            </method>
          </methods>
          <lines>
            <line number="17" hits="0" branch="False" />
            <line number="18" hits="0" branch="False" />
            <line number="19" hits="0" branch="False" />
            <line number="20" hits="0" branch="False" />
            <line number="21" hits="0" branch="False" />
            <line number="22" hits="0" branch="False" />
          </lines>
        </class>
        <class name="ApiRest.Application.Products.Commands.UpdateProductHandler" filename="ApiRest.Application\Products\Commands\UpdateProductCommand.cs" line-rate="0" branch-rate="1" complexity="1">
          <methods>
            <method name=".ctor" signature="(ApiRest.Domain.Interfaces.IProductRepository,ApiRest.Domain.Interfaces.IUnitOfWork)" line-rate="0" branch-rate="1" complexity="1">
              <lines>
                <line number="25" hits="0" branch="False" />
                <line number="26" hits="0" branch="False" />
              </lines>
            </method>
          </methods>
          <lines>
            <line number="25" hits="0" branch="False" />
            <line number="26" hits="0" branch="False" />
          </lines>
        </class>
        <class name="ApiRest.Application.Products.Commands.UpdateProductHandler/&lt;Handle&gt;d__3" filename="ApiRest.Application\Products\Commands\UpdateProductCommand.cs" line-rate="0" branch-rate="0" complexity="2">
          <methods>
            <method name="MoveNext" signature="()" line-rate="0" branch-rate="0" complexity="2">
              <lines>
                <line number="31" hits="0" branch="False" />
                <line number="32" hits="0" branch="True" condition-coverage="0% (0/2)">
                  <conditions>
                    <condition number="162" type="jump" coverage="0%" />
                  </conditions>
                </line>
                <line number="33" hits="0" branch="False" />
                <line number="35" hits="0" branch="False" />
                <line number="36" hits="0" branch="False" />
                <line number="37" hits="0" branch="False" />
                <line number="39" hits="0" branch="False" />
                <line number="40" hits="0" branch="False" />
                <line number="41" hits="0" branch="False" />
                <line number="42" hits="0" branch="False" />
              </lines>
            </method>
          </methods>
          <lines>
            <line number="31" hits="0" branch="False" />
            <line number="32" hits="0" branch="True" condition-coverage="0% (0/2)">
              <conditions>
                <condition number="162" type="jump" coverage="0%" />
              </conditions>
            </line>
            <line number="33" hits="0" branch="False" />
            <line number="35" hits="0" branch="False" />
            <line number="36" hits="0" branch="False" />
            <line number="37" hits="0" branch="False" />
            <line number="39" hits="0" branch="False" />
            <line number="40" hits="0" branch="False" />
            <line number="41" hits="0" branch="False" />
            <line number="42" hits="0" branch="False" />
          </lines>
        </class>
        <class name="ApiRest.Application.Orders.Queries.GetMyOrdersQuery" filename="ApiRest.Application\Orders\Queries\GetMyOrdersQuery.cs" line-rate="0" branch-rate="1" complexity="1">
          <methods>
            <method name="get_UserId" signature="()" line-rate="0" branch-rate="1" complexity="1">
              <lines>
                <line number="7" hits="0" branch="False" />
              </lines>
            </method>
          </methods>
          <lines>
            <line number="7" hits="0" branch="False" />
          </lines>
        </class>
        <class name="ApiRest.Application.Orders.Queries.GetMyOrdersHandler" filename="ApiRest.Application\Orders\Queries\GetMyOrdersQuery.cs" line-rate="0" branch-rate="1" complexity="1">
          <methods>
            <method name=".ctor" signature="(ApiRest.Domain.Interfaces.IOrderRepository)" line-rate="0" branch-rate="1" complexity="1">
              <lines>
                <line number="9" hits="0" branch="False" />
              </lines>
            </method>
          </methods>
          <lines>
            <line number="9" hits="0" branch="False" />
          </lines>
        </class>
        <class name="ApiRest.Application.Orders.Queries.GetMyOrdersHandler/&lt;&gt;c" filename="ApiRest.Application\Orders\Queries\GetMyOrdersQuery.cs" line-rate="0" branch-rate="0" complexity="5">
          <methods>
            <method name="&lt;Handle&gt;b__2_0" signature="(ApiRest.Domain.Entities.Order)" line-rate="0" branch-rate="1" complexity="1">
              <lines>
                <line number="17" hits="0" branch="False" />
                <line number="18" hits="0" branch="False" />
                <line number="19" hits="0" branch="False" />
                <line number="20" hits="0" branch="False" />
                <line number="21" hits="0" branch="False" />
                <line number="22" hits="0" branch="False" />
                <line number="23" hits="0" branch="False" />
                <line number="24" hits="0" branch="False" />
              </lines>
            </method>
          </methods>
          <lines>
            <line number="17" hits="0" branch="False" />
            <line number="18" hits="0" branch="False" />
            <line number="19" hits="0" branch="False" />
            <line number="20" hits="0" branch="False" />
            <line number="21" hits="0" branch="False" />
            <line number="22" hits="0" branch="False" />
            <line number="23" hits="0" branch="False" />
            <line number="24" hits="0" branch="False" />
          </lines>
        </class>
        <class name="ApiRest.Application.Orders.Queries.GetMyOrdersHandler/&lt;Handle&gt;d__2" filename="ApiRest.Application\Orders\Queries\GetMyOrdersQuery.cs" line-rate="0" branch-rate="1" complexity="1">
          <methods>
            <method name="MoveNext" signature="()" line-rate="0" branch-rate="1" complexity="1">
              <lines>
                <line number="14" hits="0" branch="False" />
                <line number="15" hits="0" branch="False" />
                <line number="25" hits="0" branch="False" />
              </lines>
            </method>
          </methods>
          <lines>
            <line number="14" hits="0" branch="False" />
            <line number="15" hits="0" branch="False" />
            <line number="25" hits="0" branch="False" />
          </lines>
        </class>
        <class name="ApiRest.Application.Orders.Queries.GetOrderByIdQuery" filename="ApiRest.Application\Orders\Queries\GetOrderByIdQuery.cs" line-rate="0" branch-rate="1" complexity="1">
          <methods>
            <method name="get_OrderId" signature="()" line-rate="0" branch-rate="1" complexity="1">
              <lines>
                <line number="8" hits="0" branch="False" />
              </lines>
            </method>
          </methods>
          <lines>
            <line number="8" hits="0" branch="False" />
          </lines>
        </class>
        <class name="ApiRest.Application.Orders.Queries.GetOrderByIdHandler" filename="ApiRest.Application\Orders\Queries\GetOrderByIdQuery.cs" line-rate="0" branch-rate="1" complexity="1">
          <methods>
            <method name=".ctor" signature="(ApiRest.Domain.Interfaces.IOrderRepository)" line-rate="0" branch-rate="1" complexity="1">
              <lines>
                <line number="10" hits="0" branch="False" />
              </lines>
            </method>
          </methods>
          <lines>
            <line number="10" hits="0" branch="False" />
          </lines>
        </class>
        <class name="ApiRest.Application.Orders.Queries.GetOrderByIdHandler/&lt;&gt;c" filename="ApiRest.Application\Orders\Queries\GetOrderByIdQuery.cs" line-rate="0" branch-rate="0" complexity="4">
          <methods>
            <method name="&lt;Handle&gt;b__2_0" signature="(ApiRest.Domain.Entities.OrderItem)" line-rate="0" branch-rate="0" complexity="4">
              <lines>
                <line number="24" hits="0" branch="True" condition-coverage="0% (0/4)">
                  <conditions>
                    <condition number="13" type="jump" coverage="0%" />
                    <condition number="25" type="jump" coverage="0%" />
                  </conditions>
                </line>
                <line number="25" hits="0" branch="False" />
                <line number="26" hits="0" branch="False" />
                <line number="27" hits="0" branch="False" />
                <line number="28" hits="0" branch="False" />
                <line number="29" hits="0" branch="False" />
              </lines>
            </method>
          </methods>
          <lines>
            <line number="24" hits="0" branch="True" condition-coverage="0% (0/4)">
              <conditions>
                <condition number="13" type="jump" coverage="0%" />
                <condition number="25" type="jump" coverage="0%" />
              </conditions>
            </line>
            <line number="25" hits="0" branch="False" />
            <line number="26" hits="0" branch="False" />
            <line number="27" hits="0" branch="False" />
            <line number="28" hits="0" branch="False" />
            <line number="29" hits="0" branch="False" />
          </lines>
        </class>
        <class name="ApiRest.Application.Orders.Queries.GetOrderByIdHandler/&lt;Handle&gt;d__2" filename="ApiRest.Application\Orders\Queries\GetOrderByIdQuery.cs" line-rate="0" branch-rate="0" complexity="4">
          <methods>
            <method name="MoveNext" signature="()" line-rate="0" branch-rate="0" complexity="4">
              <lines>
                <line number="15" hits="0" branch="False" />
                <line number="16" hits="0" branch="True" condition-coverage="0% (0/2)">
                  <conditions>
                    <condition number="151" type="jump" coverage="0%" />
                  </conditions>
                </line>
                <line number="17" hits="0" branch="False" />
                <line number="19" hits="0" branch="True" condition-coverage="0% (0/2)">
                  <conditions>
                    <condition number="224" type="jump" coverage="0%" />
                  </conditions>
                </line>
                <line number="20" hits="0" branch="False" />
                <line number="22" hits="0" branch="False" />
                <line number="23" hits="0" branch="False" />
                <line number="30" hits="0" branch="False" />
              </lines>
            </method>
          </methods>
          <lines>
            <line number="15" hits="0" branch="False" />
            <line number="16" hits="0" branch="True" condition-coverage="0% (0/2)">
              <conditions>
                <condition number="151" type="jump" coverage="0%" />
              </conditions>
            </line>
            <line number="17" hits="0" branch="False" />
            <line number="19" hits="0" branch="True" condition-coverage="0% (0/2)">
              <conditions>
                <condition number="224" type="jump" coverage="0%" />
              </conditions>
            </line>
            <line number="20" hits="0" branch="False" />
            <line number="22" hits="0" branch="False" />
            <line number="23" hits="0" branch="False" />
            <line number="30" hits="0" branch="False" />
          </lines>
        </class>
        <class name="ApiRest.Application.Orders.Commands.CancelOrderCommand" filename="ApiRest.Application\Orders\Commands\CancelOrderCommand.cs" line-rate="0" branch-rate="1" complexity="1">
          <methods>
            <method name="get_OrderId" signature="()" line-rate="0" branch-rate="1" complexity="1">
              <lines>
                <line number="7" hits="0" branch="False" />
              </lines>
            </method>
          </methods>
          <lines>
            <line number="7" hits="0" branch="False" />
          </lines>
        </class>
        <class name="ApiRest.Application.Orders.Commands.CancelOrderHandler" filename="ApiRest.Application\Orders\Commands\CancelOrderCommand.cs" line-rate="0" branch-rate="1" complexity="1">
          <methods>
            <method name=".ctor" signature="(ApiRest.Domain.Interfaces.IOrderRepository,ApiRest.Domain.Interfaces.IUnitOfWork)" line-rate="0" branch-rate="1" complexity="1">
              <lines>
                <line number="9" hits="0" branch="False" />
                <line number="10" hits="0" branch="False" />
              </lines>
            </method>
          </methods>
          <lines>
            <line number="9" hits="0" branch="False" />
            <line number="10" hits="0" branch="False" />
          </lines>
        </class>
        <class name="ApiRest.Application.Orders.Commands.CancelOrderHandler/&lt;Handle&gt;d__3" filename="ApiRest.Application\Orders\Commands\CancelOrderCommand.cs" line-rate="0" branch-rate="0" complexity="4">
          <methods>
            <method name="MoveNext" signature="()" line-rate="0" branch-rate="0" complexity="4">
              <lines>
                <line number="15" hits="0" branch="False" />
                <line number="16" hits="0" branch="True" condition-coverage="0% (0/2)">
                  <conditions>
                    <condition number="162" type="jump" coverage="0%" />
                  </conditions>
                </line>
                <line number="17" hits="0" branch="False" />
                <line number="19" hits="0" branch="True" condition-coverage="0% (0/2)">
                  <conditions>
                    <condition number="233" type="jump" coverage="0%" />
                  </conditions>
                </line>
                <line number="20" hits="0" branch="False" />
                <line number="22" hits="0" branch="False" />
                <line number="23" hits="0" branch="False" />
                <line number="24" hits="0" branch="False" />
                <line number="25" hits="0" branch="False" />
              </lines>
            </method>
          </methods>
          <lines>
            <line number="15" hits="0" branch="False" />
            <line number="16" hits="0" branch="True" condition-coverage="0% (0/2)">
              <conditions>
                <condition number="162" type="jump" coverage="0%" />
              </conditions>
            </line>
            <line number="17" hits="0" branch="False" />
            <line number="19" hits="0" branch="True" condition-coverage="0% (0/2)">
              <conditions>
                <condition number="233" type="jump" coverage="0%" />
              </conditions>
            </line>
            <line number="20" hits="0" branch="False" />
            <line number="22" hits="0" branch="False" />
            <line number="23" hits="0" branch="False" />
            <line number="24" hits="0" branch="False" />
            <line number="25" hits="0" branch="False" />
          </lines>
        </class>
        <class name="ApiRest.Application.Orders.Commands.ConfirmOrderCommand" filename="ApiRest.Application\Orders\Commands\ConfirmOrderCommand.cs" line-rate="0" branch-rate="1" complexity="1">
          <methods>
            <method name="get_OrderId" signature="()" line-rate="0" branch-rate="1" complexity="1">
              <lines>
                <line number="7" hits="0" branch="False" />
              </lines>
            </method>
          </methods>
          <lines>
            <line number="7" hits="0" branch="False" />
          </lines>
        </class>
        <class name="ApiRest.Application.Orders.Commands.ConfirmOrderHandler" filename="ApiRest.Application\Orders\Commands\ConfirmOrderCommand.cs" line-rate="0" branch-rate="1" complexity="1">
          <methods>
            <method name=".ctor" signature="(ApiRest.Domain.Interfaces.IOrderRepository,ApiRest.Domain.Interfaces.IUnitOfWork)" line-rate="0" branch-rate="1" complexity="1">
              <lines>
                <line number="9" hits="0" branch="False" />
                <line number="10" hits="0" branch="False" />
              </lines>
            </method>
          </methods>
          <lines>
            <line number="9" hits="0" branch="False" />
            <line number="10" hits="0" branch="False" />
          </lines>
        </class>
        <class name="ApiRest.Application.Orders.Commands.ConfirmOrderHandler/&lt;Handle&gt;d__3" filename="ApiRest.Application\Orders\Commands\ConfirmOrderCommand.cs" line-rate="0" branch-rate="0" complexity="4">
          <methods>
            <method name="MoveNext" signature="()" line-rate="0" branch-rate="0" complexity="4">
              <lines>
                <line number="15" hits="0" branch="False" />
                <line number="16" hits="0" branch="True" condition-coverage="0% (0/2)">
                  <conditions>
                    <condition number="162" type="jump" coverage="0%" />
                  </conditions>
                </line>
                <line number="17" hits="0" branch="False" />
                <line number="19" hits="0" branch="True" condition-coverage="0% (0/2)">
                  <conditions>
                    <condition number="233" type="jump" coverage="0%" />
                  </conditions>
                </line>
                <line number="20" hits="0" branch="False" />
                <line number="22" hits="0" branch="False" />
                <line number="23" hits="0" branch="False" />
                <line number="24" hits="0" branch="False" />
                <line number="25" hits="0" branch="False" />
              </lines>
            </method>
          </methods>
          <lines>
            <line number="15" hits="0" branch="False" />
            <line number="16" hits="0" branch="True" condition-coverage="0% (0/2)">
              <conditions>
                <condition number="162" type="jump" coverage="0%" />
              </conditions>
            </line>
            <line number="17" hits="0" branch="False" />
            <line number="19" hits="0" branch="True" condition-coverage="0% (0/2)">
              <conditions>
                <condition number="233" type="jump" coverage="0%" />
              </conditions>
            </line>
            <line number="20" hits="0" branch="False" />
            <line number="22" hits="0" branch="False" />
            <line number="23" hits="0" branch="False" />
            <line number="24" hits="0" branch="False" />
            <line number="25" hits="0" branch="False" />
          </lines>
        </class>
        <class name="ApiRest.Application.Orders.Commands.OrderItemRequest" filename="ApiRest.Application\Orders\Commands\CreateOrderCommand.cs" line-rate="0" branch-rate="1" complexity="1">
          <methods>
            <method name="get_ProductId" signature="()" line-rate="0" branch-rate="1" complexity="1">
              <lines>
                <line number="10" hits="0" branch="False" />
              </lines>
            </method>
          </methods>
          <lines>
            <line number="10" hits="0" branch="False" />
          </lines>
        </class>
        <class name="ApiRest.Application.Orders.Commands.CreateOrderCommand" filename="ApiRest.Application\Orders\Commands\CreateOrderCommand.cs" line-rate="0" branch-rate="1" complexity="3">
          <methods>
            <method name="get_UserId" signature="()" line-rate="0" branch-rate="1" complexity="1">
              <lines>
                <line number="13" hits="0" branch="False" />
              </lines>
            </method>
            <method name="get_Items" signature="()" line-rate="0" branch-rate="1" complexity="1">
              <lines>
                <line number="14" hits="0" branch="False" />
              </lines>
            </method>
            <method name=".ctor" signature="(System.Guid,System.Collections.Generic.List`1&lt;ApiRest.Application.Orders.Commands.OrderItemRequest&gt;)" line-rate="0" branch-rate="1" complexity="1">
              <lines>
                <line number="12" hits="0" branch="False" />
              </lines>
            </method>
          </methods>
          <lines>
            <line number="13" hits="0" branch="False" />
            <line number="14" hits="0" branch="False" />
            <line number="12" hits="0" branch="False" />
          </lines>
        </class>
        <class name="ApiRest.Application.Orders.Commands.CreateOrderValidator" filename="ApiRest.Application\Orders\Commands\CreateOrderCommand.cs" line-rate="0" branch-rate="1" complexity="1">
          <methods>
            <method name=".ctor" signature="()" line-rate="0" branch-rate="1" complexity="1">
              <lines>
                <line number="18" hits="0" branch="False" />
                <line number="19" hits="0" branch="False" />
                <line number="20" hits="0" branch="False" />
                <line number="21" hits="0" branch="False" />
                <line number="22" hits="0" branch="False" />
                <line number="23" hits="0" branch="False" />
                <line number="24" hits="0" branch="False" />
                <line number="25" hits="0" branch="False" />
                <line number="26" hits="0" branch="False" />
                <line number="27" hits="0" branch="False" />
                <line number="28" hits="0" branch="False" />
              </lines>
            </method>
          </methods>
          <lines>
            <line number="18" hits="0" branch="False" />
            <line number="19" hits="0" branch="False" />
            <line number="20" hits="0" branch="False" />
            <line number="21" hits="0" branch="False" />
            <line number="22" hits="0" branch="False" />
            <line number="23" hits="0" branch="False" />
            <line number="24" hits="0" branch="False" />
            <line number="25" hits="0" branch="False" />
            <line number="26" hits="0" branch="False" />
            <line number="27" hits="0" branch="False" />
            <line number="28" hits="0" branch="False" />
          </lines>
        </class>
        <class name="ApiRest.Application.Orders.Commands.CreateOrderHandler" filename="ApiRest.Application\Orders\Commands\CreateOrderCommand.cs" line-rate="0" branch-rate="1" complexity="2">
          <methods>
            <method name="ToDto" signature="(ApiRest.Domain.Entities.Order)" line-rate="0" branch-rate="1" complexity="1">
              <lines>
                <line number="62" hits="0" branch="False" />
                <line number="63" hits="0" branch="False" />
                <line number="64" hits="0" branch="False" />
                <line number="65" hits="0" branch="False" />
                <line number="66" hits="0" branch="False" />
              </lines>
            </method>
            <method name=".ctor" signature="(ApiRest.Domain.Interfaces.IOrderRepository,ApiRest.Domain.Interfaces.IProductRepository,ApiRest.Domain.Interfaces.IUnitOfWork)" line-rate="0" branch-rate="1" complexity="1">
              <lines>
                <line number="31" hits="0" branch="False" />
                <line number="32" hits="0" branch="False" />
                <line number="33" hits="0" branch="False" />
                <line number="34" hits="0" branch="False" />
              </lines>
            </method>
          </methods>
          <lines>
            <line number="62" hits="0" branch="False" />
            <line number="63" hits="0" branch="False" />
            <line number="64" hits="0" branch="False" />
            <line number="65" hits="0" branch="False" />
            <line number="66" hits="0" branch="False" />
            <line number="31" hits="0" branch="False" />
            <line number="32" hits="0" branch="False" />
            <line number="33" hits="0" branch="False" />
            <line number="34" hits="0" branch="False" />
          </lines>
        </class>
        <class name="ApiRest.Application.Orders.Commands.CreateOrderHandler/&lt;Handle&gt;d__4" filename="ApiRest.Application\Orders\Commands\CreateOrderCommand.cs" line-rate="0" branch-rate="0" complexity="6">
          <methods>
            <method name="MoveNext" signature="()" line-rate="0" branch-rate="0" complexity="6">
              <lines>
                <line number="39" hits="0" branch="False" />
                <line number="40" hits="0" branch="False" />
                <line number="42" hits="0" branch="True" condition-coverage="0% (0/2)">
                  <conditions>
                    <condition number="447" type="jump" coverage="0%" />
                  </conditions>
                </line>
                <line number="43" hits="0" branch="False" />
                <line number="44" hits="0" branch="True" condition-coverage="0% (0/2)">
                  <conditions>
                    <condition number="252" type="jump" coverage="0%" />
                  </conditions>
                </line>
                <line number="45" hits="0" branch="False" />
                <line number="47" hits="0" branch="True" condition-coverage="0% (0/2)">
                  <conditions>
                    <condition number="312" type="jump" coverage="0%" />
                  </conditions>
                </line>
                <line number="48" hits="0" branch="False" />
                <line number="50" hits="0" branch="False" />
                <line number="51" hits="0" branch="False" />
                <line number="53" hits="0" branch="False" />
                <line number="54" hits="0" branch="False" />
                <line number="56" hits="0" branch="False" />
                <line number="57" hits="0" branch="False" />
                <line number="59" hits="0" branch="False" />
                <line number="60" hits="0" branch="False" />
              </lines>
            </method>
          </methods>
          <lines>
            <line number="39" hits="0" branch="False" />
            <line number="40" hits="0" branch="False" />
            <line number="42" hits="0" branch="True" condition-coverage="0% (0/2)">
              <conditions>
                <condition number="447" type="jump" coverage="0%" />
              </conditions>
            </line>
            <line number="43" hits="0" branch="False" />
[...]
            <line number="34" hits="1" branch="False" />
            <line number="35" hits="1" branch="False" />
          </lines>
        </class>
        <class name="ApiRest.Infrastructure.Data.Configurations.RefreshTokenConfiguration" filename="ApiRest.Infrastructure\Data\Configurations\RefreshTokenConfiguration.cs" line-rate="1" branch-rate="1" complexity="1">
          <methods>
            <method name="Configure" signature="(Microsoft.EntityFrameworkCore.Metadata.Builders.EntityTypeBuilder`1&lt;ApiRest.Domain.Entities.RefreshToken&gt;)" line-rate="1" branch-rate="1" complexity="1">
              <lines>
                <line number="10" hits="1" branch="False" />
                <line number="11" hits="1" branch="False" />
                <line number="12" hits="1" branch="False" />
                <line number="14" hits="1" branch="False" />
                <line number="15" hits="1" branch="False" />
                <line number="16" hits="1" branch="False" />
                <line number="17" hits="1" branch="False" />
                <line number="19" hits="1" branch="False" />
                <line number="21" hits="1" branch="False" />
                <line number="22" hits="1" branch="False" />
                <line number="23" hits="1" branch="False" />
                <line number="24" hits="1" branch="False" />
                <line number="25" hits="1" branch="False" />
              </lines>
            </method>
          </methods>
          <lines>
            <line number="10" hits="1" branch="False" />
            <line number="11" hits="1" branch="False" />
            <line number="12" hits="1" branch="False" />
            <line number="14" hits="1" branch="False" />
            <line number="15" hits="1" branch="False" />
            <line number="16" hits="1" branch="False" />
            <line number="17" hits="1" branch="False" />
            <line number="19" hits="1" branch="False" />
            <line number="21" hits="1" branch="False" />
            <line number="22" hits="1" branch="False" />
            <line number="23" hits="1" branch="False" />
            <line number="24" hits="1" branch="False" />
            <line number="25" hits="1" branch="False" />
          </lines>
        </class>
        <class name="ApiRest.Infrastructure.Data.Configurations.UserConfiguration" filename="ApiRest.Infrastructure\Data\Configurations\UserConfiguration.cs" line-rate="1" branch-rate="1" complexity="1">
          <methods>
            <method name="Configure" signature="(Microsoft.EntityFrameworkCore.Metadata.Builders.EntityTypeBuilder`1&lt;ApiRest.Domain.Entities.User&gt;)" line-rate="1" branch-rate="1" complexity="1">
              <lines>
                <line number="11" hits="1" branch="False" />
                <line number="12" hits="1" branch="False" />
                <line number="13" hits="1" branch="False" />
                <line number="15" hits="1" branch="False" />
                <line number="16" hits="1" branch="False" />
                <line number="18" hits="1" branch="False" />
                <line number="19" hits="1" branch="False" />
                <line number="20" hits="1" branch="False" />
                <line number="21" hits="1" branch="False" />
                <line number="23" hits="1" branch="False" />
                <line number="24" hits="1" branch="False" />
                <line number="25" hits="1" branch="False" />
                <line number="26" hits="1" branch="False" />
                <line number="28" hits="1" branch="False" />
                <line number="29" hits="1" branch="False" />
                <line number="31" hits="1" branch="False" />
                <line number="32" hits="1" branch="False" />
                <line number="33" hits="1" branch="False" />
                <line number="34" hits="1" branch="False" />
                <line number="36" hits="1" branch="False" />
                <line number="37" hits="1" branch="False" />
                <line number="38" hits="1" branch="False" />
                <line number="39" hits="1" branch="False" />
                <line number="41" hits="1" branch="False" />
                <line number="42" hits="1" branch="False" />
                <line number="43" hits="1" branch="False" />
                <line number="45" hits="1" branch="False" />
                <line number="46" hits="1" branch="False" />
                <line number="48" hits="1" branch="False" />
                <line number="49" hits="1" branch="False" />
                <line number="52" hits="1" branch="False" />
                <line number="53" hits="1" branch="False" />
                <line number="54" hits="1" branch="False" />
                <line number="55" hits="1" branch="False" />
                <line number="57" hits="1" branch="False" />
                <line number="58" hits="1" branch="False" />
                <line number="59" hits="1" branch="False" />
                <line number="60" hits="1" branch="False" />
                <line number="61" hits="1" branch="False" />
              </lines>
            </method>
          </methods>
          <lines>
            <line number="11" hits="1" branch="False" />
            <line number="12" hits="1" branch="False" />
            <line number="13" hits="1" branch="False" />
            <line number="15" hits="1" branch="False" />
            <line number="16" hits="1" branch="False" />
            <line number="18" hits="1" branch="False" />
            <line number="19" hits="1" branch="False" />
            <line number="20" hits="1" branch="False" />
            <line number="21" hits="1" branch="False" />
            <line number="23" hits="1" branch="False" />
            <line number="24" hits="1" branch="False" />
            <line number="25" hits="1" branch="False" />
            <line number="26" hits="1" branch="False" />
            <line number="28" hits="1" branch="False" />
            <line number="29" hits="1" branch="False" />
            <line number="31" hits="1" branch="False" />
            <line number="32" hits="1" branch="False" />
            <line number="33" hits="1" branch="False" />
            <line number="34" hits="1" branch="False" />
            <line number="36" hits="1" branch="False" />
            <line number="37" hits="1" branch="False" />
            <line number="38" hits="1" branch="False" />
            <line number="39" hits="1" branch="False" />
            <line number="41" hits="1" branch="False" />
            <line number="42" hits="1" branch="False" />
            <line number="43" hits="1" branch="False" />
            <line number="45" hits="1" branch="False" />
            <line number="46" hits="1" branch="False" />
            <line number="48" hits="1" branch="False" />
            <line number="49" hits="1" branch="False" />
            <line number="52" hits="1" branch="False" />
            <line number="53" hits="1" branch="False" />
            <line number="54" hits="1" branch="False" />
            <line number="55" hits="1" branch="False" />
            <line number="57" hits="1" branch="False" />
            <line number="58" hits="1" branch="False" />
            <line number="59" hits="1" branch="False" />
            <line number="60" hits="1" branch="False" />
            <line number="61" hits="1" branch="False" />
          </lines>
        </class>
        <class name="ApiRest.Infrastructure.Auth.AuthService" filename="ApiRest.Infrastructure\Auth\AuthService.cs" line-rate="0.9393" branch-rate="0.5" complexity="10">
          <methods>
            <method name="GenerateAccessToken" signature="(ApiRest.Domain.Entities.User)" line-rate="0.9166" branch-rate="0.5" complexity="8">
              <lines>
                <line number="22" hits="5" branch="False" />
                <line number="24" hits="5" branch="True" condition-coverage="50% (1/2)">
                  <conditions>
                    <condition number="16" type="jump" coverage="50%" />
                  </conditions>
                </line>
                <line number="25" hits="0" branch="False" />
                <line number="27" hits="5" branch="True" condition-coverage="50% (1/2)">
                  <conditions>
                    <condition number="44" type="jump" coverage="50%" />
                  </conditions>
                </line>
                <line number="28" hits="0" branch="False" />
                <line number="30" hits="5" branch="False" />
                <line number="31" hits="5" branch="False" />
                <line number="33" hits="5" branch="True" condition-coverage="50% (2/4)">
                  <conditions>
                    <condition number="184" type="jump" coverage="50%" />
                    <condition number="212" type="jump" coverage="50%" />
                  </conditions>
                </line>
                <line number="34" hits="5" branch="False" />
                <line number="35" hits="5" branch="False" />
                <line number="36" hits="5" branch="False" />
                <line number="37" hits="5" branch="False" />
                <line number="38" hits="5" branch="False" />
                <line number="39" hits="5" branch="False" />
                <line number="40" hits="5" branch="False" />
                <line number="41" hits="5" branch="False" />
                <line number="43" hits="5" branch="False" />
                <line number="44" hits="5" branch="False" />
                <line number="45" hits="5" branch="False" />
                <line number="46" hits="5" branch="False" />
                <line number="47" hits="5" branch="False" />
                <line number="48" hits="5" branch="False" />
                <line number="50" hits="5" branch="False" />
                <line number="51" hits="5" branch="False" />
              </lines>
            </method>
            <method name="GenerateRefreshToken" signature="()" line-rate="1" branch-rate="1" complexity="1">
              <lines>
                <line number="54" hits="5" branch="False" />
                <line number="55" hits="5" branch="False" />
                <line number="56" hits="5" branch="False" />
                <line number="57" hits="5" branch="False" />
              </lines>
            </method>
            <method name=".ctor" signature="(Microsoft.Extensions.Options.IOptions`1&lt;ApiRest.Infrastructure.Auth.JwtSettings&gt;,ApiRest.Domain.Interfaces.IRefreshTokenRepository,ApiRest.Domain.Interfaces.IUnitOfWork)" line-rate="1" branch-rate="1" complexity="1">
              <lines>
                <line number="14" hits="7" branch="False" />
                <line number="15" hits="7" branch="False" />
                <line number="16" hits="7" branch="False" />
                <line number="17" hits="7" branch="False" />
                <line number="19" hits="7" branch="False" />
              </lines>
            </method>
          </methods>
          <lines>
            <line number="22" hits="5" branch="False" />
            <line number="24" hits="5" branch="True" condition-coverage="50% (1/2)">
              <conditions>
                <condition number="16" type="jump" coverage="50%" />
              </conditions>
            </line>
            <line number="25" hits="0" branch="False" />
            <line number="27" hits="5" branch="True" condition-coverage="50% (1/2)">
              <conditions>
                <condition number="44" type="jump" coverage="50%" />
              </conditions>
            </line>
            <line number="28" hits="0" branch="False" />
            <line number="30" hits="5" branch="False" />
            <line number="31" hits="5" branch="False" />
            <line number="33" hits="5" branch="True" condition-coverage="50% (2/4)">
              <conditions>
                <condition number="184" type="jump" coverage="50%" />
                <condition number="212" type="jump" coverage="50%" />
              </conditions>
            </line>
            <line number="34" hits="5" branch="False" />
            <line number="35" hits="5" branch="False" />
            <line number="36" hits="5" branch="False" />
            <line number="37" hits="5" branch="False" />
            <line number="38" hits="5" branch="False" />
            <line number="39" hits="5" branch="False" />
            <line number="40" hits="5" branch="False" />
            <line number="41" hits="5" branch="False" />
            <line number="43" hits="5" branch="False" />
            <line number="44" hits="5" branch="False" />
            <line number="45" hits="5" branch="False" />
            <line number="46" hits="5" branch="False" />
            <line number="47" hits="5" branch="False" />
            <line number="48" hits="5" branch="False" />
            <line number="50" hits="5" branch="False" />
            <line number="51" hits="5" branch="False" />
            <line number="54" hits="5" branch="False" />
            <line number="55" hits="5" branch="False" />
            <line number="56" hits="5" branch="False" />
            <line number="57" hits="5" branch="False" />
            <line number="14" hits="7" branch="False" />
            <line number="15" hits="7" branch="False" />
            <line number="16" hits="7" branch="False" />
            <line number="17" hits="7" branch="False" />
            <line number="19" hits="7" branch="False" />
          </lines>
        </class>
        <class name="ApiRest.Infrastructure.Auth.AuthService/&lt;RefreshAsync&gt;d__6" filename="ApiRest.Infrastructure\Auth\AuthService.cs" line-rate="0" branch-rate="0" complexity="4">
          <methods>
            <method name="MoveNext" signature="()" line-rate="0" branch-rate="0" complexity="4">
              <lines>
                <line number="60" hits="0" branch="False" />
                <line number="61" hits="0" branch="True" condition-coverage="0% (0/2)">
                  <conditions>
                    <condition number="171" type="jump" coverage="0%" />
                  </conditions>
                </line>
                <line number="62" hits="0" branch="False" />
                <line number="64" hits="0" branch="True" condition-coverage="0% (0/2)">
                  <conditions>
                    <condition number="215" type="jump" coverage="0%" />
                  </conditions>
                </line>
                <line number="65" hits="0" branch="False" />
                <line number="68" hits="0" branch="False" />
                <line number="70" hits="0" branch="False" />
                <line number="71" hits="0" branch="False" />
                <line number="72" hits="0" branch="False" />
                <line number="74" hits="0" branch="False" />
                <line number="75" hits="0" branch="False" />
                <line number="77" hits="0" branch="False" />
                <line number="79" hits="0" branch="False" />
                <line number="80" hits="0" branch="False" />
                <line number="81" hits="0" branch="False" />
                <line number="82" hits="0" branch="False" />
                <line number="83" hits="0" branch="False" />
              </lines>
            </method>
          </methods>
          <lines>
            <line number="60" hits="0" branch="False" />
            <line number="61" hits="0" branch="True" condition-coverage="0% (0/2)">
              <conditions>
                <condition number="171" type="jump" coverage="0%" />
              </conditions>
            </line>
            <line number="62" hits="0" branch="False" />
            <line number="64" hits="0" branch="True" condition-coverage="0% (0/2)">
              <conditions>
                <condition number="215" type="jump" coverage="0%" />
              </conditions>
            </line>
            <line number="65" hits="0" branch="False" />
            <line number="68" hits="0" branch="False" />
            <line number="70" hits="0" branch="False" />
            <line number="71" hits="0" branch="False" />
            <line number="72" hits="0" branch="False" />
            <line number="74" hits="0" branch="False" />
            <line number="75" hits="0" branch="False" />
            <line number="77" hits="0" branch="False" />
            <line number="79" hits="0" branch="False" />
            <line number="80" hits="0" branch="False" />
            <line number="81" hits="0" branch="False" />
            <line number="82" hits="0" branch="False" />
            <line number="83" hits="0" branch="False" />
          </lines>
        </class>
        <class name="ApiRest.Infrastructure.Auth.AuthService/&lt;RevokeAsync&gt;d__7" filename="ApiRest.Infrastructure\Auth\AuthService.cs" line-rate="0" branch-rate="0" complexity="2">
          <methods>
            <method name="MoveNext" signature="()" line-rate="0" branch-rate="0" complexity="2">
              <lines>
                <line number="86" hits="0" branch="False" />
                <line number="87" hits="0" branch="True" condition-coverage="0% (0/2)">
                  <conditions>
                    <condition number="157" type="jump" coverage="0%" />
                  </conditions>
                </line>
                <line number="88" hits="0" branch="False" />
                <line number="90" hits="0" branch="False" />
                <line number="91" hits="0" branch="False" />
                <line number="92" hits="0" branch="False" />
              </lines>
            </method>
          </methods>
          <lines>
            <line number="86" hits="0" branch="False" />
            <line number="87" hits="0" branch="True" condition-coverage="0% (0/2)">
              <conditions>
                <condition number="157" type="jump" coverage="0%" />
              </conditions>
            </line>
            <line number="88" hits="0" branch="False" />
            <line number="90" hits="0" branch="False" />
            <line number="91" hits="0" branch="False" />
            <line number="92" hits="0" branch="False" />
          </lines>
        </class>
        <class name="ApiRest.Infrastructure.Auth.JwtSettings" filename="ApiRest.Infrastructure\Auth\JwtSettings.cs" line-rate="1" branch-rate="1" complexity="5">
          <methods>
            <method name="get_SecretKey" signature="()" line-rate="1" branch-rate="1" complexity="1">
              <lines>
                <line number="7" hits="9" branch="False" />
              </lines>
            </method>
            <method name="get_Issuer" signature="()" line-rate="1" branch-rate="1" complexity="1">
              <lines>
                <line number="8" hits="9" branch="False" />
              </lines>
            </method>
            <method name="get_Audience" signature="()" line-rate="1" branch-rate="1" complexity="1">
              <lines>
                <line number="9" hits="9" branch="False" />
              </lines>
            </method>
            <method name="get_ExpiryMinutes" signature="()" line-rate="1" branch-rate="1" complexity="1">
              <lines>
                <line number="10" hits="9" branch="False" />
              </lines>
            </method>
            <method name="get_RefreshExpiryDays" signature="()" line-rate="1" branch-rate="1" complexity="1">
              <lines>
                <line number="11" hits="4" branch="False" />
              </lines>
            </method>
          </methods>
          <lines>
            <line number="7" hits="9" branch="False" />
            <line number="8" hits="9" branch="False" />
            <line number="9" hits="9" branch="False" />
            <line number="10" hits="9" branch="False" />
            <line number="11" hits="4" branch="False" />
          </lines>
        </class>
      </classes>
    </package>
  </packages>
</coverage>